<?xml version="1.0" encoding="UTF-8"?>
<!-- Generated by org.testng.reporters.JUnitReportReporter -->
<testsuite hostname="DESKTOP-BUIJLGK" failures="0" tests="4" name="tests.home.FiltrationTest" time="9.551" errors="0" timestamp="2025-04-13T01:42:47 GMT+02:00" skipped="0">
  <testcase classname="tests.home.FiltrationTest" name="testNameSorting" time="2.466"/>
  <testcase classname="tests.home.FiltrationTest" name="testNameSorting" time="2.319"/>
  <testcase classname="tests.home.FiltrationTest" name="testPriceSorting" time="2.365"/>
  <testcase classname="tests.home.FiltrationTest" name="testPriceSorting" time="2.401"/>
</testsuite> <!-- tests.home.FiltrationTest -->
