<?xml version="1.0" encoding="UTF-8"?>
<!-- Generated by org.testng.reporters.JUnitReportReporter -->
<testsuite hostname="DESKTOP-BUIJLGK" failures="0" tests="1" name="tests.home.AddToCart" time="7.188" errors="0" timestamp="2025-04-13T01:42:47 GMT+02:00" skipped="0">
  <testcase classname="tests.home.AddToCart" name="addProductsToCart" time="7.188"/>
</testsuite> <!-- tests.home.AddToCart -->
