<?xml version="1.0" encoding="UTF-8"?>
<!-- Generated by org.testng.reporters.JUnitReportReporter -->
<testsuite hostname="DESKTOP-BUIJLGK" failures="0" tests="1" name="tests.home.Navigation" time="13.815" errors="0" timestamp="2025-04-14T21:07:53 GMT+02:00" skipped="0">
  <testcase classname="tests.home.Navigation" name="navigateProducts" time="13.815"/>
</testsuite> <!-- tests.home.Navigation -->
