<?xml version="1.0" encoding="UTF-8"?>
<!-- Generated by org.testng.reporters.JUnitReportReporter -->
<testsuite hostname="DESKTOP-BUIJLGK" failures="0" tests="6" name="tests.home.AddToCart" time="23.703" errors="0" timestamp="2025-04-14T21:07:53 GMT+02:00" skipped="0">
  <testcase classname="tests.home.AddToCart" name="addProductsToCart" time="7.036"/>
  <testcase classname="tests.home.AddToCart" name="addProductsToCart" time="7.381"/>
  <testcase classname="tests.home.AddToCart" name="addProductsToCart" time="9.154"/>
  <testcase classname="tests.home.AddToCart" name="VerifyCartCount" time="0.034"/>
  <testcase classname="tests.home.AddToCart" name="VerifyCartCount" time="0.048"/>
  <testcase classname="tests.home.AddToCart" name="VerifyCartCount" time="0.050"/>
</testsuite> <!-- tests.home.AddToCart -->
