<?xml version="1.0" encoding="UTF-8"?>
<!-- Generated by org.testng.reporters.JUnitReportReporter -->
<testsuite hostname="DESKTOP-BUIJLGK" failures="0" tests="4" name="tests.home.FiltrationTest" time="9.287" errors="0" timestamp="2025-04-14T21:07:52 GMT+02:00" skipped="0">
  <testcase classname="tests.home.FiltrationTest" name="testNameSorting" time="2.360"/>
  <testcase classname="tests.home.FiltrationTest" name="testPriceSorting" time="2.290"/>
  <testcase classname="tests.home.FiltrationTest" name="testPriceSorting" time="2.315"/>
  <testcase classname="tests.home.FiltrationTest" name="testNameSorting" time="2.322"/>
</testsuite> <!-- tests.home.FiltrationTest -->
