<?xml version="1.0" encoding="UTF-8"?>
<!-- Generated by org.testng.reporters.JUnitReportReporter -->
<testsuite hostname="DESKTOP-BUIJLGK" failures="0" tests="4" name="tests.home.AddToCart" time="21.491" errors="0" timestamp="2025-04-14T02:41:15 GMT+02:00" skipped="0">
  <testcase classname="tests.home.AddToCart" name="addProductsToCart" time="7.380"/>
  <testcase classname="tests.home.AddToCart" name="addProductsToCart" time="6.992"/>
  <testcase classname="tests.home.AddToCart" name="addProductsToCart" time="7.077"/>
  <testcase classname="tests.home.AddToCart" name="VerifyCartCount" time="0.042"/>
</testsuite> <!-- tests.home.AddToCart -->
