<?xml version="1.0" encoding="UTF-8"?>
<!-- Generated by org.testng.reporters.JUnitReportReporter -->
<testsuite hostname="DESKTOP-BUIJLGK" failures="0" tests="4" name="tests.home.FiltrationTest" time="9.735" errors="0" timestamp="2025-04-09T20:19:35 GMT+02:00" skipped="0">
  <testcase classname="tests.home.FiltrationTest" name="testNameSorting" time="2.388"/>
  <testcase classname="tests.home.FiltrationTest" name="testNameSorting" time="2.473"/>
  <testcase classname="tests.home.FiltrationTest" name="testPriceSorting" time="2.465"/>
  <testcase classname="tests.home.FiltrationTest" name="testPriceSorting" time="2.409"/>
</testsuite> <!-- tests.home.FiltrationTest -->
