<?xml version="1.0" encoding="UTF-8"?>
<!-- Generated by org.testng.reporters.JUnitReportReporter -->
<testsuite hostname="DESKTOP-BUIJLGK" failures="0" tests="7" name="tests.YourCartTest" time="6.406" errors="0" timestamp="2025-04-14T21:07:53 GMT+02:00" skipped="0">
  <testcase classname="tests.YourCartTest" name="testGoToYourCart" time="0.202"/>
  <testcase classname="tests.YourCartTest" name="testGoToYourCart" time="0.200"/>
  <testcase classname="tests.YourCartTest" name="testClickOnContinueShopping" time="0.287"/>
  <testcase classname="tests.YourCartTest" name="testTitleOfAllProductInCart" time="3.791"/>
  <testcase classname="tests.YourCartTest" name="testRemoveCart" time="1.436"/>
  <testcase classname="tests.YourCartTest" name="testClickOnCheckout" time="0.233"/>
  <testcase classname="tests.YourCartTest" name="testClickOnCheckout" time="0.257"/>
</testsuite> <!-- tests.YourCartTest -->
