<?xml version="1.0" encoding="UTF-8"?>
<!-- Generated by org.testng.reporters.JUnitReportReporter -->
<testsuite hostname="DESKTOP-BUIJLGK" failures="0" tests="3" name="tests.home.FooterTest" time="1.578" errors="0" timestamp="2025-04-08T02:30:57 GMT+02:00" skipped="0">
  <testcase classname="tests.home.FooterTest" name="testFooter" time="0.428"/>
  <testcase classname="tests.home.FooterTest" name="testFooter" time="0.554"/>
  <testcase classname="tests.home.FooterTest" name="testFooter" time="0.596"/>
</testsuite> <!-- tests.home.FooterTest -->
