<?xml version="1.0" encoding="UTF-8"?>
<!-- Generated by org.testng.reporters.JUnitReportReporter -->
<testsuite hostname="DESKTOP-BUIJLGK" failures="0" tests="1" name="tests.LoginTest" time="1.352" errors="0" timestamp="2025-04-11T21:10:23 GMT+02:00" skipped="0">
  <testcase classname="tests.LoginTest" name="testValidLogin" time="1.352"/>
</testsuite> <!-- tests.LoginTest -->
