<?xml version="1.0" encoding="UTF-8"?>
<!-- Generated by org.testng.reporters.JUnitReportReporter -->
<testsuite hostname="DESKTOP-BUIJLGK" failures="0" tests="3" name="tests.home.FooterTest" time="1.606" errors="0" timestamp="2025-04-14T21:07:53 GMT+02:00" skipped="0">
  <testcase classname="tests.home.FooterTest" name="testFooter" time="0.495"/>
  <testcase classname="tests.home.FooterTest" name="testFooter" time="0.611"/>
  <testcase classname="tests.home.FooterTest" name="testFooter" time="0.500"/>
</testsuite> <!-- tests.home.FooterTest -->
