<?xml version="1.0" encoding="UTF-8"?>
<!-- Generated by org.testng.reporters.JUnitReportReporter -->
<testsuite hostname="DESKTOP-BUIJLGK" failures="0" tests="7" name="tests.YourCartTest" time="5.105" errors="0" timestamp="2025-04-14T02:41:15 GMT+02:00" skipped="0">
  <testcase classname="tests.YourCartTest" name="testGoToYourCart" time="0.205"/>
  <testcase classname="tests.YourCartTest" name="testGoToYourCart" time="0.153"/>
  <testcase classname="tests.YourCartTest" name="testClickOnContinueShopping" time="0.257"/>
  <testcase classname="tests.YourCartTest" name="testTitleOfAllProductInCart" time="2.887"/>
  <testcase classname="tests.YourCartTest" name="testRemoveCart" time="1.196"/>
  <testcase classname="tests.YourCartTest" name="testClickOnCheckout" time="0.212"/>
  <testcase classname="tests.YourCartTest" name="testClickOnCheckout" time="0.195"/>
</testsuite> <!-- tests.YourCartTest -->
