<?xml version="1.0" encoding="UTF-8"?>
<!-- Generated by org.testng.reporters.JUnitReportReporter -->
<testsuite hostname="DESKTOP-BUIJLGK" failures="0" tests="1" name="tests.home.AddToCart" time="7.102" errors="0" timestamp="2025-04-10T10:43:35 GMT+02:00" skipped="0">
  <testcase classname="tests.home.AddToCart" name="addProductsToCart" time="7.102"/>
</testsuite> <!-- tests.home.AddToCart -->
