<?xml version="1.0" encoding="UTF-8"?>
<!-- Generated by org.testng.reporters.JUnitReportReporter -->
<testsuite hostname="DESKTOP-BUIJLGK" failures="0" tests="6" name="tests.checkout.CheckOutOverViewTest" time="4.424" errors="0" timestamp="2025-04-14T21:07:53 GMT+02:00" skipped="0">
  <testcase classname="tests.checkout.CheckOutOverViewTest" name="testClickOnCancelBTN" time="0.258"/>
  <testcase classname="tests.checkout.CheckOutOverViewTest" name="testCartCalculations" time="0.396"/>
  <testcase classname="tests.checkout.CheckOutOverViewTest" name="testCartCalculations" time="0.129"/>
  <testcase classname="tests.checkout.CheckOutOverViewTest" name="testTitleOfAllProductInCart" time="2.873"/>
  <testcase classname="tests.checkout.CheckOutOverViewTest" name="testClickOnFinishBTN" time="0.361"/>
  <testcase classname="tests.checkout.CheckOutOverViewTest" name="testClickOnFinishBTN" time="0.407"/>
</testsuite> <!-- tests.checkout.CheckOutOverViewTest -->
