<?xml version="1.0" encoding="UTF-8"?>
<!-- Generated by org.testng.reporters.JUnitReportReporter -->
<testsuite hostname="DESKTOP-BUIJLGK" failures="0" tests="3" name="tests.home.FooterTest" time="1.715" errors="0" timestamp="2025-04-14T02:41:15 GMT+02:00" skipped="0">
  <testcase classname="tests.home.FooterTest" name="testFooter" time="0.622"/>
  <testcase classname="tests.home.FooterTest" name="testFooter" time="0.586"/>
  <testcase classname="tests.home.FooterTest" name="testFooter" time="0.507"/>
</testsuite> <!-- tests.home.FooterTest -->
