<?xml version="1.0" encoding="UTF-8"?>
<!-- Generated by org.testng.reporters.JUnitReportReporter -->
<testsuite hostname="DESKTOP-BUIJLGK" failures="0" tests="7" name="tests.home.MenuTest" time="11.988" errors="0" timestamp="2025-04-13T01:42:47 GMT+02:00" skipped="0">
  <testcase classname="tests.home.MenuTest" name="testOpenMenu" time="0.437"/>
  <testcase classname="tests.home.MenuTest" name="testOpenMenu" time="0.344"/>
  <testcase classname="tests.home.MenuTest" name="testSideBarLinks" time="0.347"/>
  <testcase classname="tests.home.MenuTest" name="testSideBarLinks" time="0.301"/>
  <testcase classname="tests.home.MenuTest" name="testSideBarLinks" time="9.369"/>
  <testcase classname="tests.home.MenuTest" name="testSideBarLinks" time="0.303"/>
  <testcase classname="tests.home.MenuTest" name="testCloseMenu" time="0.887"/>
</testsuite> <!-- tests.home.MenuTest -->
