<?xml version="1.0" encoding="UTF-8"?>
<!-- Generated by org.testng.reporters.JUnitReportReporter -->
<testsuite hostname="DESKTOP-BUIJLGK" failures="0" tests="4" name="tests.home.FiltrationTest" time="9.214" errors="0" timestamp="2025-04-14T02:41:15 GMT+02:00" skipped="0">
  <testcase classname="tests.home.FiltrationTest" name="testPriceSorting" time="2.293"/>
  <testcase classname="tests.home.FiltrationTest" name="testNameSorting" time="2.345"/>
  <testcase classname="tests.home.FiltrationTest" name="testNameSorting" time="2.279"/>
  <testcase classname="tests.home.FiltrationTest" name="testPriceSorting" time="2.297"/>
</testsuite> <!-- tests.home.FiltrationTest -->
