<?xml version="1.0" encoding="UTF-8"?>
<!-- Generated by org.testng.reporters.JUnitReportReporter -->
<testsuite hostname="DESKTOP-BUIJLGK" failures="0" tests="3" name="tests.home.FooterTest" time="1.419" errors="0" timestamp="2025-04-13T01:42:47 GMT+02:00" skipped="0">
  <testcase classname="tests.home.FooterTest" name="testFooter" time="0.513"/>
  <testcase classname="tests.home.FooterTest" name="testFooter" time="0.463"/>
  <testcase classname="tests.home.FooterTest" name="testFooter" time="0.443"/>
</testsuite> <!-- tests.home.FooterTest -->
